[debug] [2026-02-22T05:08:23.350Z] ----------------------------------------------------------------------
[debug] [2026-02-22T05:08:23.359Z] Command:       /usr/local/bin/node /usr/local/bin/firebase login:ci
[debug] [2026-02-22T05:08:23.360Z] CLI Version:   15.7.0
[debug] [2026-02-22T05:08:23.360Z] Platform:      darwin
[debug] [2026-02-22T05:08:23.360Z] Node Version:  v22.14.0
[debug] [2026-02-22T05:08:23.360Z] Time:          Sun Feb 22 2026 13:08:23 GMT+0800 (China Standard Time)
[debug] [2026-02-22T05:08:23.360Z] ----------------------------------------------------------------------
[debug] 
[warn] ⚠  Authenticating with a `login:ci` token is deprecated and will be removed in a future major version of `firebase-tools`. Instead, use a service account key with `GOOGLE_APPLICATION_CREDENTIALS`: https://cloud.google.com/docs/authentication/getting-started 
[info] 
[info] Visit this URL on this device to log in:
[info] https://accounts.google.com/o/oauth2/auth?client_id=563584335869-fgrhgmd47bqnekij5i8b5pr03ho849e6.apps.googleusercontent.com&scope=email%20openid%20https%3A%2F%2Fwww.googleapis.com%2Fauth%2Fcloudplatformprojects.readonly%20https%3A%2F%2Fwww.googleapis.com%2Fauth%2Ffirebase%20https%3A%2F%2Fwww.googleapis.com%2Fauth%2Fcloud-platform&response_type=code&state=1064443581&redirect_uri=http%3A%2F%2Flocalhost%3A9005
[info] 
[info] Waiting for authentication...
[debug] [2026-02-22T05:08:47.318Z] >>> [apiv2][query] POST https://accounts.google.com/o/oauth2/token [none]
[debug] [2026-02-22T05:08:47.318Z] >>> [apiv2][body] POST https://accounts.google.com/o/oauth2/token [omitted]
[debug] [2026-02-22T05:10:02.630Z] *** [apiv2] error from fetch(https://accounts.google.com/o/oauth2/token, {"headers":{},"method":"POST","body":{"_overheadLength":543,"_valueLength":208,"_valuesToMeasure":[],"writable":false,"readable":true,"dataSize":0,"maxDataSize":2097152,"pauseStreams":true,"_released":true,"_streams":[],"_currentStream":null,"_insideLoop":false,"_pendingNext":false,"_boundary":"--------------------------c04577f2559ebc3612d8af77","_events":{},"_eventsCount":1}}): FetchError: request to https://accounts.google.com/o/oauth2/token failed, reason: 
[debug] [2026-02-22T05:10:02.632Z] Token Fetch Error: FirebaseError: Failed to make request to https://accounts.google.com/o/oauth2/token
    at RetryOperation._fn (/usr/local/lib/node_modules/firebase-tools/lib/apiv2.js:279:31)
    at process.processTicksAndRejections (node:internal/process/task_queues:105:5)
[error] Authentication Error: Your credentials are no longer valid. Please run firebase login --reauth

For CI servers and headless environments, generate a new token with firebase login:ci
[debug] [2026-02-22T05:10:02.646Z] >>> [apiv2][query] POST https://auth.firebase.tools/attest [none]
[debug] [2026-02-22T05:10:02.646Z] >>> [apiv2][body] POST https://auth.firebase.tools/attest {"session_id":"91399122-7df7-49fb-abb9-a1259d4b9db7"}
[debug] [2026-02-22T05:10:04.142Z] <<< [apiv2][status] POST https://auth.firebase.tools/attest 200
[debug] [2026-02-22T05:10:04.142Z] <<< [apiv2][body] POST https://auth.firebase.tools/attest {"token":"ksfKQvCZ6YfUSzWQfothLaU53P4eTyHtHL8T2GPc5rU"}
[info] 
[info] To sign in to the Firebase CLI:
[info] 
[info] 1. Take note of your session ID:
[info] 
[info]    91399
[info] 
[info] 2. Visit the URL below on any device and follow the instructions to get your code:
[info] 
[info]    https://auth.firebase.tools/login?code_challenge=syFHDYFmdb6aXSvatMvYzpimglMBod20DJHx1cOyUuw&session=91399122-7df7-49fb-abb9-a1259d4b9db7&attest=ksfKQvCZ6YfUSzWQfothLaU53P4eTyHtHL8T2GPc5rU
[info] 
[info] 3. Paste or enter the authorization code below once you have it:
[info] 
[debug] [2026-02-22T05:22:18.165Z] ExitPromptError: User force closed the prompt with SIGINT
    at Interface.sigint (/usr/local/lib/node_modules/firebase-tools/node_modules/@inquirer/core/dist/commonjs/lib/create-prompt.js:101:37)
    at Interface.emit (node:events:518:28)
    at [_ttyWrite] [as _ttyWrite] (node:internal/readline/interface:1124:18)
    at ReadStream.onkeypress (node:internal/readline/interface:263:20)
    at ReadStream.emit (node:events:530:35)
    at emitKeys (node:internal/readline/utils:370:14)
    at emitKeys.next (<anonymous>)
    at ReadStream.onData (node:internal/readline/emitKeypressEvents:64:36)
    at ReadStream.emit (node:events:518:28)
    at addChunk (node:internal/streams/readable:561:12)
[error] 
[error] Error: An unexpected error has occurred.
